<?xml version="1.0" encoding="UTF-8"?>
<testng-results ignored="0" total="2" passed="2" failed="0" skipped="0">
  <reporter-output>
  </reporter-output>
  <suite started-at="2025-02-11T11:49:53 IST" name="Suite" finished-at="2025-02-11T11:50:15 IST" duration-ms="22080">
    <groups>
    </groups>
    <test started-at="2025-02-11T11:49:53 IST" name="Test" finished-at="2025-02-11T11:50:15 IST" duration-ms="22080">
      <class name="tests.StudentPortalTest">
        <test-method is-config="true" signature="setUpTest()[pri:0, instance:tests.StudentPortalTest@41dd05a]" started-at="2025-02-11T11:49:53 IST" name="setUpTest" finished-at="2025-02-11T11:49:59 IST" duration-ms="5419" status="PASS">
          <reporter-output>
          </reporter-output>
        </test-method> <!-- setUpTest -->
        <test-method signature="testAddStudent()[pri:0, instance:tests.StudentPortalTest@41dd05a]" started-at="2025-02-11T11:49:59 IST" name="testAddStudent" finished-at="2025-02-11T11:50:12 IST" duration-ms="12906" status="PASS">
          <reporter-output>
          </reporter-output>
        </test-method> <!-- testAddStudent -->
        <test-method signature="testUpdateDeleteStudent()[pri:0, instance:tests.StudentPortalTest@41dd05a]" started-at="2025-02-11T11:50:12 IST" name="testUpdateDeleteStudent" finished-at="2025-02-11T11:50:15 IST" duration-ms="3404" status="PASS">
          <reporter-output>
          </reporter-output>
        </test-method> <!-- testUpdateDeleteStudent -->
        <test-method is-config="true" signature="tearDownTest()[pri:0, instance:tests.StudentPortalTest@41dd05a]" started-at="2025-02-11T11:50:15 IST" name="tearDownTest" finished-at="2025-02-11T11:50:15 IST" duration-ms="1" status="PASS">
          <reporter-output>
          </reporter-output>
        </test-method> <!-- tearDownTest -->
      </class> <!-- tests.StudentPortalTest -->
    </test> <!-- Test -->
  </suite> <!-- Suite -->
</testng-results>
